<?xml version="1.0" encoding="UTF-8"?>
<!-- Generated by org.testng.reporters.JUnitReportReporter -->
<testsuite skipped="0" hostname="DESKTOP-7N49MQT" name="TestDemo.LoginTest" tests="6" failures="0" timestamp="2019-12-22T20:37:01 CST" time="0.016" errors="0">
  <testcase name="testLogin" time="0.000" classname="TestDemo.LoginTest"/>
  <testcase name="testLogin" time="0.001" classname="TestDemo.LoginTest"/>
  <testcase name="testLogin" time="0.000" classname="TestDemo.LoginTest"/>
  <testcase name="testLogin" time="0.000" classname="TestDemo.LoginTest"/>
  <testcase name="testLogin" time="0.000" classname="TestDemo.LoginTest"/>
  <testcase name="testLogin" time="0.015" classname="TestDemo.LoginTest"/>
</testsuite> <!-- TestDemo.LoginTest -->
